[2020-02-24 08:35:45] development.ERROR: Symfony\Component\Debug\Exception\FatalThrowableError: Parse error: syntax error, unexpected '?' in /data/site/docroot/plugins/panakour/backup/vendor/spatie/laravel-backup/src/BackupDestination/BackupDestination.php:138
Stack trace:
#0 /data/site/docroot/vendor/composer/ClassLoader.php(322): Composer\Autoload\includeFile('/data/site/docr...')
#1 [internal function]: Composer\Autoload\ClassLoader->loadClass('Spatie\\Backup\\B...')
#2 /data/site/docroot/plugins/panakour/backup/vendor/spatie/laravel-backup/src/BackupDestination/BackupDestinationFactory.php(13): spl_autoload_call('Spatie\\Backup\\B...')
#3 [internal function]: Spatie\Backup\BackupDestination\BackupDestinationFactory::Spatie\Backup\BackupDestination\{closure}('local', 0)
#4 /data/site/docroot/vendor/laravel/framework/src/Illuminate/Support/Collection.php(861): array_map(Object(Closure), Array, Array)
#5 /data/site/docroot/plugins/panakour/backup/vendor/spatie/laravel-backup/src/BackupDestination/BackupDestinationFactory.php(14): Illuminate\Support\Collection->map(Object(Closure))
#6 /data/site/docroot/plugins/panakour/backup/vendor/spatie/laravel-backup/src/Tasks/Backup/BackupJobFactory.php(15): Spatie\Backup\BackupDestination\BackupDestinationFactory::createFromArray(Array)
#7 /data/site/docroot/plugins/panakour/backup/vendor/spatie/laravel-backup/src/Commands/BackupCommand.php(27): Spatie\Backup\Tasks\Backup\BackupJobFactory::createFromArray(Array)
#8 [internal function]: Spatie\Backup\Commands\BackupCommand->handle()
#9 /data/site/docroot/vendor/laravel/framework/src/Illuminate/Container/BoundMethod.php(29): call_user_func_array(Array, Array)
#10 /data/site/docroot/vendor/laravel/framework/src/Illuminate/Container/BoundMethod.php(87): Illuminate\Container\BoundMethod::Illuminate\Container\{closure}()
#11 /data/site/docroot/vendor/laravel/framework/src/Illuminate/Container/BoundMethod.php(31): Illuminate\Container\BoundMethod::callBoundMethod(Object(October\Rain\Foundation\Application), Array, Object(Closure))
#12 /data/site/docroot/vendor/laravel/framework/src/Illuminate/Container/Container.php(549): Illuminate\Container\BoundMethod::call(Object(October\Rain\Foundation\Application), Array, Array, NULL)
#13 /data/site/docroot/vendor/laravel/framework/src/Illuminate/Console/Command.php(183): Illuminate\Container\Container->call(Array)
#14 /data/site/docroot/vendor/symfony/console/Command/Command.php(255): Illuminate\Console\Command->execute(Object(Symfony\Component\Console\Input\ArrayInput), Object(Illuminate\Console\OutputStyle))
#15 /data/site/docroot/vendor/laravel/framework/src/Illuminate/Console/Command.php(170): Symfony\Component\Console\Command\Command->run(Object(Symfony\Component\Console\Input\ArrayInput), Object(Illuminate\Console\OutputStyle))
#16 /data/site/docroot/plugins/panakour/backup/vendor/spatie/laravel-backup/src/Commands/BaseCommand.php(16): Illuminate\Console\Command->run(Object(Symfony\Component\Console\Input\ArrayInput), Object(Symfony\Component\Console\Output\BufferedOutput))
#17 /data/site/docroot/vendor/symfony/console/Application.php(982): Spatie\Backup\Commands\BaseCommand->run(Object(Symfony\Component\Console\Input\ArrayInput), Object(Symfony\Component\Console\Output\BufferedOutput))
#18 /data/site/docroot/vendor/symfony/console/Application.php(255): Symfony\Component\Console\Application->doRunCommand(Object(Spatie\Backup\Commands\BackupCommand), Object(Symfony\Component\Console\Input\ArrayInput), Object(Symfony\Component\Console\Output\BufferedOutput))
#19 /data/site/docroot/vendor/symfony/console/Application.php(148): Symfony\Component\Console\Application->doRun(Object(Symfony\Component\Console\Input\ArrayInput), Object(Symfony\Component\Console\Output\BufferedOutput))
#20 /data/site/docroot/vendor/laravel/framework/src/Illuminate/Console/Application.php(88): Symfony\Component\Console\Application->run(Object(Symfony\Component\Console\Input\ArrayInput), Object(Symfony\Component\Console\Output\BufferedOutput))
#21 /data/site/docroot/vendor/laravel/framework/src/Illuminate/Console/Application.php(177): Illuminate\Console\Application->run(Object(Symfony\Component\Console\Input\ArrayInput), Object(Symfony\Component\Console\Output\BufferedOutput))
#22 /data/site/docroot/vendor/laravel/framework/src/Illuminate/Foundation/Console/Kernel.php(249): Illuminate\Console\Application->call('backup:run', Object(October\Rain\Support\Collection), NULL)
#23 /data/site/docroot/vendor/laravel/framework/src/Illuminate/Support/Facades/Facade.php(221): Illuminate\Foundation\Console\Kernel->call('backup:run', Array)
#24 /data/site/docroot/plugins/panakour/backup/controllers/backups.php(41): Illuminate\Support\Facades\Facade::__callStatic('call', Array)
#25 /data/site/docroot/plugins/panakour/backup/controllers/backups.php(74): PanaKour\Backup\Controllers\Backups->createBackup(Array)
#26 [internal function]: PanaKour\Backup\Controllers\Backups->onCreateWholeProjectBackup()
#27 /data/site/docroot/modules/backend/Classes/Controller.php(628): call_user_func_array(Array, Array)
#28 /data/site/docroot/modules/backend/Classes/Controller.php(478): Backend\Classes\Controller->runAjaxHandler('onCreateWholePr...')
#29 /data/site/docroot/modules/backend/Classes/Controller.php(277): Backend\Classes\Controller->execAjaxHandlers()
#30 /data/site/docroot/modules/backend/Classes/BackendController.php(165): Backend\Classes\Controller->run('index', Array)
#31 [internal function]: Backend\Classes\BackendController->run('panakour/backup...')
#32 /data/site/docroot/vendor/laravel/framework/src/Illuminate/Routing/Controller.php(54): call_user_func_array(Array, Array)
#33 /data/site/docroot/vendor/laravel/framework/src/Illuminate/Routing/ControllerDispatcher.php(45): Illuminate\Routing\Controller->callAction('run', Array)
#34 /data/site/docroot/vendor/laravel/framework/src/Illuminate/Routing/Route.php(212): Illuminate\Routing\ControllerDispatcher->dispatch(Object(Illuminate\Routing\Route), Object(Backend\Classes\BackendController), 'run')
#35 /data/site/docroot/vendor/laravel/framework/src/Illuminate/Routing/Route.php(169): Illuminate\Routing\Route->runController()
#36 /data/site/docroot/vendor/laravel/framework/src/Illuminate/Routing/Router.php(658): Illuminate\Routing\Route->run()
#37 /data/site/docroot/vendor/laravel/framework/src/Illuminate/Routing/Pipeline.php(30): Illuminate\Routing\Router->Illuminate\Routing\{closure}(Object(Illuminate\Http\Request))
#38 /data/site/docroot/modules/backend/Classes/BackendController.php(68): Illuminate\Routing\Pipeline->Illuminate\Routing\{closure}(Object(Illuminate\Http\Request))
#39 /data/site/docroot/vendor/laravel/framework/src/Illuminate/Pipeline/Pipeline.php(131): Backend\Classes\BackendController->Backend\Classes\{closure}(Object(Illuminate\Http\Request), Object(Closure))
#40 /data/site/docroot/vendor/laravel/framework/src/Illuminate/Routing/Pipeline.php(53): Illuminate\Pipeline\Pipeline->Illuminate\Pipeline\{closure}(Object(Illuminate\Http\Request))
#41 /data/site/docroot/vendor/laravel/framework/src/Illuminate/Routing/Middleware/SubstituteBindings.php(41): Illuminate\Routing\Pipeline->Illuminate\Routing\{closure}(Object(Illuminate\Http\Request))
#42 /data/site/docroot/vendor/laravel/framework/src/Illuminate/Pipeline/Pipeline.php(149): Illuminate\Routing\Middleware\SubstituteBindings->handle(Object(Illuminate\Http\Request), Object(Closure))
#43 /data/site/docroot/vendor/laravel/framework/src/Illuminate/Routing/Pipeline.php(53): Illuminate\Pipeline\Pipeline->Illuminate\Pipeline\{closure}(Object(Illuminate\Http\Request))
#44 /data/site/docroot/vendor/laravel/framework/src/Illuminate/View/Middleware/ShareErrorsFromSession.php(49): Illuminate\Routing\Pipeline->Illuminate\Routing\{closure}(Object(Illuminate\Http\Request))
#45 /data/site/docroot/vendor/laravel/framework/src/Illuminate/Pipeline/Pipeline.php(149): Illuminate\View\Middleware\ShareErrorsFromSession->handle(Object(Illuminate\Http\Request), Object(Closure))
#46 /data/site/docroot/vendor/laravel/framework/src/Illuminate/Routing/Pipeline.php(53): Illuminate\Pipeline\Pipeline->Illuminate\Pipeline\{closure}(Object(Illuminate\Http\Request))
#47 /data/site/docroot/vendor/laravel/framework/src/Illuminate/Session/Middleware/StartSession.php(63): Illuminate\Routing\Pipeline->Illuminate\Routing\{closure}(Object(Illuminate\Http\Request))
#48 /data/site/docroot/vendor/laravel/framework/src/Illuminate/Pipeline/Pipeline.php(149): Illuminate\Session\Middleware\StartSession->handle(Object(Illuminate\Http\Request), Object(Closure))
#49 /data/site/docroot/vendor/laravel/framework/src/Illuminate/Routing/Pipeline.php(53): Illuminate\Pipeline\Pipeline->Illuminate\Pipeline\{closure}(Object(Illuminate\Http\Request))
#50 /data/site/docroot/vendor/laravel/framework/src/Illuminate/Cookie/Middleware/AddQueuedCookiesToResponse.php(37): Illuminate\Routing\Pipeline->Illuminate\Routing\{closure}(Object(Illuminate\Http\Request))
#51 /data/site/docroot/vendor/laravel/framework/src/Illuminate/Pipeline/Pipeline.php(149): Illuminate\Cookie\Middleware\AddQueuedCookiesToResponse->handle(Object(Illuminate\Http\Request), Object(Closure))
#52 /data/site/docroot/vendor/laravel/framework/src/Illuminate/Routing/Pipeline.php(53): Illuminate\Pipeline\Pipeline->Illuminate\Pipeline\{closure}(Object(Illuminate\Http\Request))
#53 /data/site/docroot/vendor/laravel/framework/src/Illuminate/Cookie/Middleware/EncryptCookies.php(66): Illuminate\Routing\Pipeline->Illuminate\Routing\{closure}(Object(Illuminate\Http\Request))
#54 /data/site/docroot/vendor/laravel/framework/src/Illuminate/Pipeline/Pipeline.php(149): Illuminate\Cookie\Middleware\EncryptCookies->handle(Object(Illuminate\Http\Request), Object(Closure))
#55 /data/site/docroot/vendor/laravel/framework/src/Illuminate/Routing/Pipeline.php(53): Illuminate\Pipeline\Pipeline->Illuminate\Pipeline\{closure}(Object(Illuminate\Http\Request))
#56 /data/site/docroot/vendor/laravel/framework/src/Illuminate/Pipeline/Pipeline.php(102): Illuminate\Routing\Pipeline->Illuminate\Routing\{closure}(Object(Illuminate\Http\Request))
#57 /data/site/docroot/vendor/laravel/framework/src/Illuminate/Routing/Router.php(660): Illuminate\Pipeline\Pipeline->then(Object(Closure))
#58 /data/site/docroot/vendor/laravel/framework/src/Illuminate/Routing/Router.php(635): Illuminate\Routing\Router->runRouteWithinStack(Object(Illuminate\Routing\Route), Object(Illuminate\Http\Request))
#59 /data/site/docroot/vendor/laravel/framework/src/Illuminate/Routing/Router.php(601): Illuminate\Routing\Router->runRoute(Object(Illuminate\Http\Request), Object(Illuminate\Routing\Route))
#60 /data/site/docroot/vendor/october/rain/src/Router/CoreRouter.php(20): Illuminate\Routing\Router->dispatchToRoute(Object(Illuminate\Http\Request))
#61 /data/site/docroot/vendor/laravel/framework/src/Illuminate/Foundation/Http/Kernel.php(176): October\Rain\Router\CoreRouter->dispatch(Object(Illuminate\Http\Request))
#62 /data/site/docroot/vendor/laravel/framework/src/Illuminate/Routing/Pipeline.php(30): Illuminate\Foundation\Http\Kernel->Illuminate\Foundation\Http\{closure}(Object(Illuminate\Http\Request))
#63 /data/site/docroot/vendor/laravel/framework/src/Illuminate/Foundation/Http/Middleware/CheckForMaintenanceMode.php(46): Illuminate\Routing\Pipeline->Illuminate\Routing\{closure}(Object(Illuminate\Http\Request))
#64 /data/site/docroot/vendor/october/rain/src/Foundation/Http/Middleware/CheckForMaintenanceMode.php(24): Illuminate\Foundation\Http\Middleware\CheckForMaintenanceMode->handle(Object(Illuminate\Http\Request), Object(Closure))
#65 /data/site/docroot/vendor/laravel/framework/src/Illuminate/Pipeline/Pipeline.php(149): October\Rain\Foundation\Http\Middleware\CheckForMaintenanceMode->handle(Object(Illuminate\Http\Request), Object(Closure))
#66 /data/site/docroot/vendor/laravel/framework/src/Illuminate/Routing/Pipeline.php(53): Illuminate\Pipeline\Pipeline->Illuminate\Pipeline\{closure}(Object(Illuminate\Http\Request))
#67 /data/site/docroot/vendor/laravel/framework/src/Illuminate/Pipeline/Pipeline.php(102): Illuminate\Routing\Pipeline->Illuminate\Routing\{closure}(Object(Illuminate\Http\Request))
#68 /data/site/docroot/vendor/laravel/framework/src/Illuminate/Foundation/Http/Kernel.php(151): Illuminate\Pipeline\Pipeline->then(Object(Closure))
#69 /data/site/docroot/vendor/laravel/framework/src/Illuminate/Foundation/Http/Kernel.php(116): Illuminate\Foundation\Http\Kernel->sendRequestThroughRouter(Object(Illuminate\Http\Request))
#70 /data/site/docroot/index.php(43): Illuminate\Foundation\Http\Kernel->handle(Object(Illuminate\Http\Request))
#71 {main}  
[2020-02-24 08:36:01] development.ERROR: Symfony\Component\Debug\Exception\FatalThrowableError: Parse error: syntax error, unexpected '?' in /data/site/docroot/plugins/panakour/backup/vendor/spatie/laravel-backup/src/BackupDestination/BackupDestination.php:138
Stack trace:
#0 /data/site/docroot/vendor/composer/ClassLoader.php(322): Composer\Autoload\includeFile('/data/site/docr...')
#1 [internal function]: Composer\Autoload\ClassLoader->loadClass('Spatie\\Backup\\B...')
#2 /data/site/docroot/plugins/panakour/backup/vendor/spatie/laravel-backup/src/BackupDestination/BackupDestinationFactory.php(13): spl_autoload_call('Spatie\\Backup\\B...')
#3 [internal function]: Spatie\Backup\BackupDestination\BackupDestinationFactory::Spatie\Backup\BackupDestination\{closure}('local', 0)
#4 /data/site/docroot/vendor/laravel/framework/src/Illuminate/Support/Collection.php(861): array_map(Object(Closure), Array, Array)
#5 /data/site/docroot/plugins/panakour/backup/vendor/spatie/laravel-backup/src/BackupDestination/BackupDestinationFactory.php(14): Illuminate\Support\Collection->map(Object(Closure))
#6 /data/site/docroot/plugins/panakour/backup/vendor/spatie/laravel-backup/src/Tasks/Backup/BackupJobFactory.php(15): Spatie\Backup\BackupDestination\BackupDestinationFactory::createFromArray(Array)
#7 /data/site/docroot/plugins/panakour/backup/vendor/spatie/laravel-backup/src/Commands/BackupCommand.php(27): Spatie\Backup\Tasks\Backup\BackupJobFactory::createFromArray(Array)
#8 [internal function]: Spatie\Backup\Commands\BackupCommand->handle()
#9 /data/site/docroot/vendor/laravel/framework/src/Illuminate/Container/BoundMethod.php(29): call_user_func_array(Array, Array)
#10 /data/site/docroot/vendor/laravel/framework/src/Illuminate/Container/BoundMethod.php(87): Illuminate\Container\BoundMethod::Illuminate\Container\{closure}()
#11 /data/site/docroot/vendor/laravel/framework/src/Illuminate/Container/BoundMethod.php(31): Illuminate\Container\BoundMethod::callBoundMethod(Object(October\Rain\Foundation\Application), Array, Object(Closure))
#12 /data/site/docroot/vendor/laravel/framework/src/Illuminate/Container/Container.php(549): Illuminate\Container\BoundMethod::call(Object(October\Rain\Foundation\Application), Array, Array, NULL)
#13 /data/site/docroot/vendor/laravel/framework/src/Illuminate/Console/Command.php(183): Illuminate\Container\Container->call(Array)
#14 /data/site/docroot/vendor/symfony/console/Command/Command.php(255): Illuminate\Console\Command->execute(Object(Symfony\Component\Console\Input\ArrayInput), Object(Illuminate\Console\OutputStyle))
#15 /data/site/docroot/vendor/laravel/framework/src/Illuminate/Console/Command.php(170): Symfony\Component\Console\Command\Command->run(Object(Symfony\Component\Console\Input\ArrayInput), Object(Illuminate\Console\OutputStyle))
#16 /data/site/docroot/plugins/panakour/backup/vendor/spatie/laravel-backup/src/Commands/BaseCommand.php(16): Illuminate\Console\Command->run(Object(Symfony\Component\Console\Input\ArrayInput), Object(Symfony\Component\Console\Output\BufferedOutput))
#17 /data/site/docroot/vendor/symfony/console/Application.php(982): Spatie\Backup\Commands\BaseCommand->run(Object(Symfony\Component\Console\Input\ArrayInput), Object(Symfony\Component\Console\Output\BufferedOutput))
#18 /data/site/docroot/vendor/symfony/console/Application.php(255): Symfony\Component\Console\Application->doRunCommand(Object(Spatie\Backup\Commands\BackupCommand), Object(Symfony\Component\Console\Input\ArrayInput), Object(Symfony\Component\Console\Output\BufferedOutput))
#19 /data/site/docroot/vendor/symfony/console/Application.php(148): Symfony\Component\Console\Application->doRun(Object(Symfony\Component\Console\Input\ArrayInput), Object(Symfony\Component\Console\Output\BufferedOutput))
#20 /data/site/docroot/vendor/laravel/framework/src/Illuminate/Console/Application.php(88): Symfony\Component\Console\Application->run(Object(Symfony\Component\Console\Input\ArrayInput), Object(Symfony\Component\Console\Output\BufferedOutput))
#21 /data/site/docroot/vendor/laravel/framework/src/Illuminate/Console/Application.php(177): Illuminate\Console\Application->run(Object(Symfony\Component\Console\Input\ArrayInput), Object(Symfony\Component\Console\Output\BufferedOutput))
#22 /data/site/docroot/vendor/laravel/framework/src/Illuminate/Foundation/Console/Kernel.php(249): Illuminate\Console\Application->call('backup:run', Object(October\Rain\Support\Collection), NULL)
#23 /data/site/docroot/vendor/laravel/framework/src/Illuminate/Support/Facades/Facade.php(221): Illuminate\Foundation\Console\Kernel->call('backup:run', Array)
#24 /data/site/docroot/plugins/panakour/backup/controllers/backups.php(41): Illuminate\Support\Facades\Facade::__callStatic('call', Array)
#25 /data/site/docroot/plugins/panakour/backup/controllers/backups.php(59): PanaKour\Backup\Controllers\Backups->createBackup(Array)
#26 [internal function]: PanaKour\Backup\Controllers\Backups->onCreateFilesBackup()
#27 /data/site/docroot/modules/backend/Classes/Controller.php(628): call_user_func_array(Array, Array)
#28 /data/site/docroot/modules/backend/Classes/Controller.php(478): Backend\Classes\Controller->runAjaxHandler('onCreateFilesBa...')
#29 /data/site/docroot/modules/backend/Classes/Controller.php(277): Backend\Classes\Controller->execAjaxHandlers()
#30 /data/site/docroot/modules/backend/Classes/BackendController.php(165): Backend\Classes\Controller->run('index', Array)
#31 [internal function]: Backend\Classes\BackendController->run('panakour/backup...')
#32 /data/site/docroot/vendor/laravel/framework/src/Illuminate/Routing/Controller.php(54): call_user_func_array(Array, Array)
#33 /data/site/docroot/vendor/laravel/framework/src/Illuminate/Routing/ControllerDispatcher.php(45): Illuminate\Routing\Controller->callAction('run', Array)
#34 /data/site/docroot/vendor/laravel/framework/src/Illuminate/Routing/Route.php(212): Illuminate\Routing\ControllerDispatcher->dispatch(Object(Illuminate\Routing\Route), Object(Backend\Classes\BackendController), 'run')
#35 /data/site/docroot/vendor/laravel/framework/src/Illuminate/Routing/Route.php(169): Illuminate\Routing\Route->runController()
#36 /data/site/docroot/vendor/laravel/framework/src/Illuminate/Routing/Router.php(658): Illuminate\Routing\Route->run()
#37 /data/site/docroot/vendor/laravel/framework/src/Illuminate/Routing/Pipeline.php(30): Illuminate\Routing\Router->Illuminate\Routing\{closure}(Object(Illuminate\Http\Request))
#38 /data/site/docroot/modules/backend/Classes/BackendController.php(68): Illuminate\Routing\Pipeline->Illuminate\Routing\{closure}(Object(Illuminate\Http\Request))
#39 /data/site/docroot/vendor/laravel/framework/src/Illuminate/Pipeline/Pipeline.php(131): Backend\Classes\BackendController->Backend\Classes\{closure}(Object(Illuminate\Http\Request), Object(Closure))
#40 /data/site/docroot/vendor/laravel/framework/src/Illuminate/Routing/Pipeline.php(53): Illuminate\Pipeline\Pipeline->Illuminate\Pipeline\{closure}(Object(Illuminate\Http\Request))
#41 /data/site/docroot/vendor/laravel/framework/src/Illuminate/Routing/Middleware/SubstituteBindings.php(41): Illuminate\Routing\Pipeline->Illuminate\Routing\{closure}(Object(Illuminate\Http\Request))
#42 /data/site/docroot/vendor/laravel/framework/src/Illuminate/Pipeline/Pipeline.php(149): Illuminate\Routing\Middleware\SubstituteBindings->handle(Object(Illuminate\Http\Request), Object(Closure))
#43 /data/site/docroot/vendor/laravel/framework/src/Illuminate/Routing/Pipeline.php(53): Illuminate\Pipeline\Pipeline->Illuminate\Pipeline\{closure}(Object(Illuminate\Http\Request))
#44 /data/site/docroot/vendor/laravel/framework/src/Illuminate/View/Middleware/ShareErrorsFromSession.php(49): Illuminate\Routing\Pipeline->Illuminate\Routing\{closure}(Object(Illuminate\Http\Request))
#45 /data/site/docroot/vendor/laravel/framework/src/Illuminate/Pipeline/Pipeline.php(149): Illuminate\View\Middleware\ShareErrorsFromSession->handle(Object(Illuminate\Http\Request), Object(Closure))
#46 /data/site/docroot/vendor/laravel/framework/src/Illuminate/Routing/Pipeline.php(53): Illuminate\Pipeline\Pipeline->Illuminate\Pipeline\{closure}(Object(Illuminate\Http\Request))
#47 /data/site/docroot/vendor/laravel/framework/src/Illuminate/Session/Middleware/StartSession.php(63): Illuminate\Routing\Pipeline->Illuminate\Routing\{closure}(Object(Illuminate\Http\Request))
#48 /data/site/docroot/vendor/laravel/framework/src/Illuminate/Pipeline/Pipeline.php(149): Illuminate\Session\Middleware\StartSession->handle(Object(Illuminate\Http\Request), Object(Closure))
#49 /data/site/docroot/vendor/laravel/framework/src/Illuminate/Routing/Pipeline.php(53): Illuminate\Pipeline\Pipeline->Illuminate\Pipeline\{closure}(Object(Illuminate\Http\Request))
#50 /data/site/docroot/vendor/laravel/framework/src/Illuminate/Cookie/Middleware/AddQueuedCookiesToResponse.php(37): Illuminate\Routing\Pipeline->Illuminate\Routing\{closure}(Object(Illuminate\Http\Request))
#51 /data/site/docroot/vendor/laravel/framework/src/Illuminate/Pipeline/Pipeline.php(149): Illuminate\Cookie\Middleware\AddQueuedCookiesToResponse->handle(Object(Illuminate\Http\Request), Object(Closure))
#52 /data/site/docroot/vendor/laravel/framework/src/Illuminate/Routing/Pipeline.php(53): Illuminate\Pipeline\Pipeline->Illuminate\Pipeline\{closure}(Object(Illuminate\Http\Request))
#53 /data/site/docroot/vendor/laravel/framework/src/Illuminate/Cookie/Middleware/EncryptCookies.php(66): Illuminate\Routing\Pipeline->Illuminate\Routing\{closure}(Object(Illuminate\Http\Request))
#54 /data/site/docroot/vendor/laravel/framework/src/Illuminate/Pipeline/Pipeline.php(149): Illuminate\Cookie\Middleware\EncryptCookies->handle(Object(Illuminate\Http\Request), Object(Closure))
#55 /data/site/docroot/vendor/laravel/framework/src/Illuminate/Routing/Pipeline.php(53): Illuminate\Pipeline\Pipeline->Illuminate\Pipeline\{closure}(Object(Illuminate\Http\Request))
#56 /data/site/docroot/vendor/laravel/framework/src/Illuminate/Pipeline/Pipeline.php(102): Illuminate\Routing\Pipeline->Illuminate\Routing\{closure}(Object(Illuminate\Http\Request))
#57 /data/site/docroot/vendor/laravel/framework/src/Illuminate/Routing/Router.php(660): Illuminate\Pipeline\Pipeline->then(Object(Closure))
#58 /data/site/docroot/vendor/laravel/framework/src/Illuminate/Routing/Router.php(635): Illuminate\Routing\Router->runRouteWithinStack(Object(Illuminate\Routing\Route), Object(Illuminate\Http\Request))
#59 /data/site/docroot/vendor/laravel/framework/src/Illuminate/Routing/Router.php(601): Illuminate\Routing\Router->runRoute(Object(Illuminate\Http\Request), Object(Illuminate\Routing\Route))
#60 /data/site/docroot/vendor/october/rain/src/Router/CoreRouter.php(20): Illuminate\Routing\Router->dispatchToRoute(Object(Illuminate\Http\Request))
#61 /data/site/docroot/vendor/laravel/framework/src/Illuminate/Foundation/Http/Kernel.php(176): October\Rain\Router\CoreRouter->dispatch(Object(Illuminate\Http\Request))
#62 /data/site/docroot/vendor/laravel/framework/src/Illuminate/Routing/Pipeline.php(30): Illuminate\Foundation\Http\Kernel->Illuminate\Foundation\Http\{closure}(Object(Illuminate\Http\Request))
#63 /data/site/docroot/vendor/laravel/framework/src/Illuminate/Foundation/Http/Middleware/CheckForMaintenanceMode.php(46): Illuminate\Routing\Pipeline->Illuminate\Routing\{closure}(Object(Illuminate\Http\Request))
#64 /data/site/docroot/vendor/october/rain/src/Foundation/Http/Middleware/CheckForMaintenanceMode.php(24): Illuminate\Foundation\Http\Middleware\CheckForMaintenanceMode->handle(Object(Illuminate\Http\Request), Object(Closure))
#65 /data/site/docroot/vendor/laravel/framework/src/Illuminate/Pipeline/Pipeline.php(149): October\Rain\Foundation\Http\Middleware\CheckForMaintenanceMode->handle(Object(Illuminate\Http\Request), Object(Closure))
#66 /data/site/docroot/vendor/laravel/framework/src/Illuminate/Routing/Pipeline.php(53): Illuminate\Pipeline\Pipeline->Illuminate\Pipeline\{closure}(Object(Illuminate\Http\Request))
#67 /data/site/docroot/vendor/laravel/framework/src/Illuminate/Pipeline/Pipeline.php(102): Illuminate\Routing\Pipeline->Illuminate\Routing\{closure}(Object(Illuminate\Http\Request))
#68 /data/site/docroot/vendor/laravel/framework/src/Illuminate/Foundation/Http/Kernel.php(151): Illuminate\Pipeline\Pipeline->then(Object(Closure))
#69 /data/site/docroot/vendor/laravel/framework/src/Illuminate/Foundation/Http/Kernel.php(116): Illuminate\Foundation\Http\Kernel->sendRequestThroughRouter(Object(Illuminate\Http\Request))
#70 /data/site/docroot/index.php(43): Illuminate\Foundation\Http\Kernel->handle(Object(Illuminate\Http\Request))
#71 {main}  
[2020-02-24 08:36:20] development.ERROR: Symfony\Component\Debug\Exception\FatalThrowableError: Parse error: syntax error, unexpected '?' in /data/site/docroot/plugins/panakour/backup/vendor/spatie/laravel-backup/src/BackupDestination/BackupDestination.php:138
Stack trace:
#0 /data/site/docroot/vendor/composer/ClassLoader.php(322): Composer\Autoload\includeFile('/data/site/docr...')
#1 [internal function]: Composer\Autoload\ClassLoader->loadClass('Spatie\\Backup\\B...')
#2 /data/site/docroot/plugins/panakour/backup/vendor/spatie/laravel-backup/src/BackupDestination/BackupDestinationFactory.php(13): spl_autoload_call('Spatie\\Backup\\B...')
#3 [internal function]: Spatie\Backup\BackupDestination\BackupDestinationFactory::Spatie\Backup\BackupDestination\{closure}('local', 0)
#4 /data/site/docroot/vendor/laravel/framework/src/Illuminate/Support/Collection.php(861): array_map(Object(Closure), Array, Array)
#5 /data/site/docroot/plugins/panakour/backup/vendor/spatie/laravel-backup/src/BackupDestination/BackupDestinationFactory.php(14): Illuminate\Support\Collection->map(Object(Closure))
#6 /data/site/docroot/plugins/panakour/backup/vendor/spatie/laravel-backup/src/Tasks/Backup/BackupJobFactory.php(15): Spatie\Backup\BackupDestination\BackupDestinationFactory::createFromArray(Array)
#7 /data/site/docroot/plugins/panakour/backup/vendor/spatie/laravel-backup/src/Commands/BackupCommand.php(27): Spatie\Backup\Tasks\Backup\BackupJobFactory::createFromArray(Array)
#8 [internal function]: Spatie\Backup\Commands\BackupCommand->handle()
#9 /data/site/docroot/vendor/laravel/framework/src/Illuminate/Container/BoundMethod.php(29): call_user_func_array(Array, Array)
#10 /data/site/docroot/vendor/laravel/framework/src/Illuminate/Container/BoundMethod.php(87): Illuminate\Container\BoundMethod::Illuminate\Container\{closure}()
#11 /data/site/docroot/vendor/laravel/framework/src/Illuminate/Container/BoundMethod.php(31): Illuminate\Container\BoundMethod::callBoundMethod(Object(October\Rain\Foundation\Application), Array, Object(Closure))
#12 /data/site/docroot/vendor/laravel/framework/src/Illuminate/Container/Container.php(549): Illuminate\Container\BoundMethod::call(Object(October\Rain\Foundation\Application), Array, Array, NULL)
#13 /data/site/docroot/vendor/laravel/framework/src/Illuminate/Console/Command.php(183): Illuminate\Container\Container->call(Array)
#14 /data/site/docroot/vendor/symfony/console/Command/Command.php(255): Illuminate\Console\Command->execute(Object(Symfony\Component\Console\Input\ArrayInput), Object(Illuminate\Console\OutputStyle))
#15 /data/site/docroot/vendor/laravel/framework/src/Illuminate/Console/Command.php(170): Symfony\Component\Console\Command\Command->run(Object(Symfony\Component\Console\Input\ArrayInput), Object(Illuminate\Console\OutputStyle))
#16 /data/site/docroot/plugins/panakour/backup/vendor/spatie/laravel-backup/src/Commands/BaseCommand.php(16): Illuminate\Console\Command->run(Object(Symfony\Component\Console\Input\ArrayInput), Object(Symfony\Component\Console\Output\BufferedOutput))
#17 /data/site/docroot/vendor/symfony/console/Application.php(982): Spatie\Backup\Commands\BaseCommand->run(Object(Symfony\Component\Console\Input\ArrayInput), Object(Symfony\Component\Console\Output\BufferedOutput))
#18 /data/site/docroot/vendor/symfony/console/Application.php(255): Symfony\Component\Console\Application->doRunCommand(Object(Spatie\Backup\Commands\BackupCommand), Object(Symfony\Component\Console\Input\ArrayInput), Object(Symfony\Component\Console\Output\BufferedOutput))
#19 /data/site/docroot/vendor/symfony/console/Application.php(148): Symfony\Component\Console\Application->doRun(Object(Symfony\Component\Console\Input\ArrayInput), Object(Symfony\Component\Console\Output\BufferedOutput))
#20 /data/site/docroot/vendor/laravel/framework/src/Illuminate/Console/Application.php(88): Symfony\Component\Console\Application->run(Object(Symfony\Component\Console\Input\ArrayInput), Object(Symfony\Component\Console\Output\BufferedOutput))
#21 /data/site/docroot/vendor/laravel/framework/src/Illuminate/Console/Application.php(177): Illuminate\Console\Application->run(Object(Symfony\Component\Console\Input\ArrayInput), Object(Symfony\Component\Console\Output\BufferedOutput))
#22 /data/site/docroot/vendor/laravel/framework/src/Illuminate/Foundation/Console/Kernel.php(249): Illuminate\Console\Application->call('backup:run', Object(October\Rain\Support\Collection), NULL)
#23 /data/site/docroot/vendor/laravel/framework/src/Illuminate/Support/Facades/Facade.php(221): Illuminate\Foundation\Console\Kernel->call('backup:run', Array)
#24 /data/site/docroot/plugins/panakour/backup/controllers/backups.php(41): Illuminate\Support\Facades\Facade::__callStatic('call', Array)
#25 /data/site/docroot/plugins/panakour/backup/controllers/backups.php(54): PanaKour\Backup\Controllers\Backups->createBackup(Array)
#26 [internal function]: PanaKour\Backup\Controllers\Backups->onCreateDatabaseBackup()
#27 /data/site/docroot/modules/backend/Classes/Controller.php(628): call_user_func_array(Array, Array)
#28 /data/site/docroot/modules/backend/Classes/Controller.php(478): Backend\Classes\Controller->runAjaxHandler('onCreateDatabas...')
#29 /data/site/docroot/modules/backend/Classes/Controller.php(277): Backend\Classes\Controller->execAjaxHandlers()
#30 /data/site/docroot/modules/backend/Classes/BackendController.php(165): Backend\Classes\Controller->run('index', Array)
#31 [internal function]: Backend\Classes\BackendController->run('panakour/backup...')
#32 /data/site/docroot/vendor/laravel/framework/src/Illuminate/Routing/Controller.php(54): call_user_func_array(Array, Array)
#33 /data/site/docroot/vendor/laravel/framework/src/Illuminate/Routing/ControllerDispatcher.php(45): Illuminate\Routing\Controller->callAction('run', Array)
#34 /data/site/docroot/vendor/laravel/framework/src/Illuminate/Routing/Route.php(212): Illuminate\Routing\ControllerDispatcher->dispatch(Object(Illuminate\Routing\Route), Object(Backend\Classes\BackendController), 'run')
#35 /data/site/docroot/vendor/laravel/framework/src/Illuminate/Routing/Route.php(169): Illuminate\Routing\Route->runController()
#36 /data/site/docroot/vendor/laravel/framework/src/Illuminate/Routing/Router.php(658): Illuminate\Routing\Route->run()
#37 /data/site/docroot/vendor/laravel/framework/src/Illuminate/Routing/Pipeline.php(30): Illuminate\Routing\Router->Illuminate\Routing\{closure}(Object(Illuminate\Http\Request))
#38 /data/site/docroot/modules/backend/Classes/BackendController.php(68): Illuminate\Routing\Pipeline->Illuminate\Routing\{closure}(Object(Illuminate\Http\Request))
#39 /data/site/docroot/vendor/laravel/framework/src/Illuminate/Pipeline/Pipeline.php(131): Backend\Classes\BackendController->Backend\Classes\{closure}(Object(Illuminate\Http\Request), Object(Closure))
#40 /data/site/docroot/vendor/laravel/framework/src/Illuminate/Routing/Pipeline.php(53): Illuminate\Pipeline\Pipeline->Illuminate\Pipeline\{closure}(Object(Illuminate\Http\Request))
#41 /data/site/docroot/vendor/laravel/framework/src/Illuminate/Routing/Middleware/SubstituteBindings.php(41): Illuminate\Routing\Pipeline->Illuminate\Routing\{closure}(Object(Illuminate\Http\Request))
#42 /data/site/docroot/vendor/laravel/framework/src/Illuminate/Pipeline/Pipeline.php(149): Illuminate\Routing\Middleware\SubstituteBindings->handle(Object(Illuminate\Http\Request), Object(Closure))
#43 /data/site/docroot/vendor/laravel/framework/src/Illuminate/Routing/Pipeline.php(53): Illuminate\Pipeline\Pipeline->Illuminate\Pipeline\{closure}(Object(Illuminate\Http\Request))
#44 /data/site/docroot/vendor/laravel/framework/src/Illuminate/View/Middleware/ShareErrorsFromSession.php(49): Illuminate\Routing\Pipeline->Illuminate\Routing\{closure}(Object(Illuminate\Http\Request))
#45 /data/site/docroot/vendor/laravel/framework/src/Illuminate/Pipeline/Pipeline.php(149): Illuminate\View\Middleware\ShareErrorsFromSession->handle(Object(Illuminate\Http\Request), Object(Closure))
#46 /data/site/docroot/vendor/laravel/framework/src/Illuminate/Routing/Pipeline.php(53): Illuminate\Pipeline\Pipeline->Illuminate\Pipeline\{closure}(Object(Illuminate\Http\Request))
#47 /data/site/docroot/vendor/laravel/framework/src/Illuminate/Session/Middleware/StartSession.php(63): Illuminate\Routing\Pipeline->Illuminate\Routing\{closure}(Object(Illuminate\Http\Request))
#48 /data/site/docroot/vendor/laravel/framework/src/Illuminate/Pipeline/Pipeline.php(149): Illuminate\Session\Middleware\StartSession->handle(Object(Illuminate\Http\Request), Object(Closure))
#49 /data/site/docroot/vendor/laravel/framework/src/Illuminate/Routing/Pipeline.php(53): Illuminate\Pipeline\Pipeline->Illuminate\Pipeline\{closure}(Object(Illuminate\Http\Request))
#50 /data/site/docroot/vendor/laravel/framework/src/Illuminate/Cookie/Middleware/AddQueuedCookiesToResponse.php(37): Illuminate\Routing\Pipeline->Illuminate\Routing\{closure}(Object(Illuminate\Http\Request))
#51 /data/site/docroot/vendor/laravel/framework/src/Illuminate/Pipeline/Pipeline.php(149): Illuminate\Cookie\Middleware\AddQueuedCookiesToResponse->handle(Object(Illuminate\Http\Request), Object(Closure))
#52 /data/site/docroot/vendor/laravel/framework/src/Illuminate/Routing/Pipeline.php(53): Illuminate\Pipeline\Pipeline->Illuminate\Pipeline\{closure}(Object(Illuminate\Http\Request))
#53 /data/site/docroot/vendor/laravel/framework/src/Illuminate/Cookie/Middleware/EncryptCookies.php(66): Illuminate\Routing\Pipeline->Illuminate\Routing\{closure}(Object(Illuminate\Http\Request))
#54 /data/site/docroot/vendor/laravel/framework/src/Illuminate/Pipeline/Pipeline.php(149): Illuminate\Cookie\Middleware\EncryptCookies->handle(Object(Illuminate\Http\Request), Object(Closure))
#55 /data/site/docroot/vendor/laravel/framework/src/Illuminate/Routing/Pipeline.php(53): Illuminate\Pipeline\Pipeline->Illuminate\Pipeline\{closure}(Object(Illuminate\Http\Request))
#56 /data/site/docroot/vendor/laravel/framework/src/Illuminate/Pipeline/Pipeline.php(102): Illuminate\Routing\Pipeline->Illuminate\Routing\{closure}(Object(Illuminate\Http\Request))
#57 /data/site/docroot/vendor/laravel/framework/src/Illuminate/Routing/Router.php(660): Illuminate\Pipeline\Pipeline->then(Object(Closure))
#58 /data/site/docroot/vendor/laravel/framework/src/Illuminate/Routing/Router.php(635): Illuminate\Routing\Router->runRouteWithinStack(Object(Illuminate\Routing\Route), Object(Illuminate\Http\Request))
#59 /data/site/docroot/vendor/laravel/framework/src/Illuminate/Routing/Router.php(601): Illuminate\Routing\Router->runRoute(Object(Illuminate\Http\Request), Object(Illuminate\Routing\Route))
#60 /data/site/docroot/vendor/october/rain/src/Router/CoreRouter.php(20): Illuminate\Routing\Router->dispatchToRoute(Object(Illuminate\Http\Request))
#61 /data/site/docroot/vendor/laravel/framework/src/Illuminate/Foundation/Http/Kernel.php(176): October\Rain\Router\CoreRouter->dispatch(Object(Illuminate\Http\Request))
#62 /data/site/docroot/vendor/laravel/framework/src/Illuminate/Routing/Pipeline.php(30): Illuminate\Foundation\Http\Kernel->Illuminate\Foundation\Http\{closure}(Object(Illuminate\Http\Request))
#63 /data/site/docroot/vendor/laravel/framework/src/Illuminate/Foundation/Http/Middleware/CheckForMaintenanceMode.php(46): Illuminate\Routing\Pipeline->Illuminate\Routing\{closure}(Object(Illuminate\Http\Request))
#64 /data/site/docroot/vendor/october/rain/src/Foundation/Http/Middleware/CheckForMaintenanceMode.php(24): Illuminate\Foundation\Http\Middleware\CheckForMaintenanceMode->handle(Object(Illuminate\Http\Request), Object(Closure))
#65 /data/site/docroot/vendor/laravel/framework/src/Illuminate/Pipeline/Pipeline.php(149): October\Rain\Foundation\Http\Middleware\CheckForMaintenanceMode->handle(Object(Illuminate\Http\Request), Object(Closure))
#66 /data/site/docroot/vendor/laravel/framework/src/Illuminate/Routing/Pipeline.php(53): Illuminate\Pipeline\Pipeline->Illuminate\Pipeline\{closure}(Object(Illuminate\Http\Request))
#67 /data/site/docroot/vendor/laravel/framework/src/Illuminate/Pipeline/Pipeline.php(102): Illuminate\Routing\Pipeline->Illuminate\Routing\{closure}(Object(Illuminate\Http\Request))
#68 /data/site/docroot/vendor/laravel/framework/src/Illuminate/Foundation/Http/Kernel.php(151): Illuminate\Pipeline\Pipeline->then(Object(Closure))
#69 /data/site/docroot/vendor/laravel/framework/src/Illuminate/Foundation/Http/Kernel.php(116): Illuminate\Foundation\Http\Kernel->sendRequestThroughRouter(Object(Illuminate\Http\Request))
#70 /data/site/docroot/index.php(43): Illuminate\Foundation\Http\Kernel->handle(Object(Illuminate\Http\Request))
#71 {main}  
[2020-02-24 08:40:49] development.ERROR: Symfony\Component\Debug\Exception\FatalThrowableError: Parse error: syntax error, unexpected '?' in /data/site/docroot/plugins/panakour/backup/vendor/spatie/laravel-backup/src/BackupDestination/BackupDestination.php:138
Stack trace:
#0 /data/site/docroot/vendor/composer/ClassLoader.php(322): Composer\Autoload\includeFile('/data/site/docr...')
#1 [internal function]: Composer\Autoload\ClassLoader->loadClass('Spatie\\Backup\\B...')
#2 /data/site/docroot/plugins/panakour/backup/vendor/spatie/laravel-backup/src/BackupDestination/BackupDestinationFactory.php(13): spl_autoload_call('Spatie\\Backup\\B...')
#3 [internal function]: Spatie\Backup\BackupDestination\BackupDestinationFactory::Spatie\Backup\BackupDestination\{closure}('local', 0)
#4 /data/site/docroot/vendor/laravel/framework/src/Illuminate/Support/Collection.php(861): array_map(Object(Closure), Array, Array)
#5 /data/site/docroot/plugins/panakour/backup/vendor/spatie/laravel-backup/src/BackupDestination/BackupDestinationFactory.php(14): Illuminate\Support\Collection->map(Object(Closure))
#6 /data/site/docroot/plugins/panakour/backup/vendor/spatie/laravel-backup/src/Tasks/Backup/BackupJobFactory.php(15): Spatie\Backup\BackupDestination\BackupDestinationFactory::createFromArray(Array)
#7 /data/site/docroot/plugins/panakour/backup/vendor/spatie/laravel-backup/src/Commands/BackupCommand.php(27): Spatie\Backup\Tasks\Backup\BackupJobFactory::createFromArray(Array)
#8 [internal function]: Spatie\Backup\Commands\BackupCommand->handle()
#9 /data/site/docroot/vendor/laravel/framework/src/Illuminate/Container/BoundMethod.php(29): call_user_func_array(Array, Array)
#10 /data/site/docroot/vendor/laravel/framework/src/Illuminate/Container/BoundMethod.php(87): Illuminate\Container\BoundMethod::Illuminate\Container\{closure}()
#11 /data/site/docroot/vendor/laravel/framework/src/Illuminate/Container/BoundMethod.php(31): Illuminate\Container\BoundMethod::callBoundMethod(Object(October\Rain\Foundation\Application), Array, Object(Closure))
#12 /data/site/docroot/vendor/laravel/framework/src/Illuminate/Container/Container.php(549): Illuminate\Container\BoundMethod::call(Object(October\Rain\Foundation\Application), Array, Array, NULL)
#13 /data/site/docroot/vendor/laravel/framework/src/Illuminate/Console/Command.php(183): Illuminate\Container\Container->call(Array)
#14 /data/site/docroot/vendor/symfony/console/Command/Command.php(255): Illuminate\Console\Command->execute(Object(Symfony\Component\Console\Input\ArrayInput), Object(Illuminate\Console\OutputStyle))
#15 /data/site/docroot/vendor/laravel/framework/src/Illuminate/Console/Command.php(170): Symfony\Component\Console\Command\Command->run(Object(Symfony\Component\Console\Input\ArrayInput), Object(Illuminate\Console\OutputStyle))
#16 /data/site/docroot/plugins/panakour/backup/vendor/spatie/laravel-backup/src/Commands/BaseCommand.php(16): Illuminate\Console\Command->run(Object(Symfony\Component\Console\Input\ArrayInput), Object(Symfony\Component\Console\Output\BufferedOutput))
#17 /data/site/docroot/vendor/symfony/console/Application.php(982): Spatie\Backup\Commands\BaseCommand->run(Object(Symfony\Component\Console\Input\ArrayInput), Object(Symfony\Component\Console\Output\BufferedOutput))
#18 /data/site/docroot/vendor/symfony/console/Application.php(255): Symfony\Component\Console\Application->doRunCommand(Object(Spatie\Backup\Commands\BackupCommand), Object(Symfony\Component\Console\Input\ArrayInput), Object(Symfony\Component\Console\Output\BufferedOutput))
#19 /data/site/docroot/vendor/symfony/console/Application.php(148): Symfony\Component\Console\Application->doRun(Object(Symfony\Component\Console\Input\ArrayInput), Object(Symfony\Component\Console\Output\BufferedOutput))
#20 /data/site/docroot/vendor/laravel/framework/src/Illuminate/Console/Application.php(88): Symfony\Component\Console\Application->run(Object(Symfony\Component\Console\Input\ArrayInput), Object(Symfony\Component\Console\Output\BufferedOutput))
#21 /data/site/docroot/vendor/laravel/framework/src/Illuminate/Console/Application.php(177): Illuminate\Console\Application->run(Object(Symfony\Component\Console\Input\ArrayInput), Object(Symfony\Component\Console\Output\BufferedOutput))
#22 /data/site/docroot/vendor/laravel/framework/src/Illuminate/Foundation/Console/Kernel.php(249): Illuminate\Console\Application->call('backup:run', Object(October\Rain\Support\Collection), NULL)
#23 /data/site/docroot/vendor/laravel/framework/src/Illuminate/Support/Facades/Facade.php(221): Illuminate\Foundation\Console\Kernel->call('backup:run', Array)
#24 /data/site/docroot/plugins/panakour/backup/controllers/backups.php(41): Illuminate\Support\Facades\Facade::__callStatic('call', Array)
#25 /data/site/docroot/plugins/panakour/backup/controllers/backups.php(74): PanaKour\Backup\Controllers\Backups->createBackup(Array)
#26 [internal function]: PanaKour\Backup\Controllers\Backups->onCreateWholeProjectBackup()
#27 /data/site/docroot/modules/backend/Classes/Controller.php(628): call_user_func_array(Array, Array)
#28 /data/site/docroot/modules/backend/Classes/Controller.php(478): Backend\Classes\Controller->runAjaxHandler('onCreateWholePr...')
#29 /data/site/docroot/modules/backend/Classes/Controller.php(277): Backend\Classes\Controller->execAjaxHandlers()
#30 /data/site/docroot/modules/backend/Classes/BackendController.php(165): Backend\Classes\Controller->run('index', Array)
#31 [internal function]: Backend\Classes\BackendController->run('panakour/backup...')
#32 /data/site/docroot/vendor/laravel/framework/src/Illuminate/Routing/Controller.php(54): call_user_func_array(Array, Array)
#33 /data/site/docroot/vendor/laravel/framework/src/Illuminate/Routing/ControllerDispatcher.php(45): Illuminate\Routing\Controller->callAction('run', Array)
#34 /data/site/docroot/vendor/laravel/framework/src/Illuminate/Routing/Route.php(212): Illuminate\Routing\ControllerDispatcher->dispatch(Object(Illuminate\Routing\Route), Object(Backend\Classes\BackendController), 'run')
#35 /data/site/docroot/vendor/laravel/framework/src/Illuminate/Routing/Route.php(169): Illuminate\Routing\Route->runController()
#36 /data/site/docroot/vendor/laravel/framework/src/Illuminate/Routing/Router.php(658): Illuminate\Routing\Route->run()
#37 /data/site/docroot/vendor/laravel/framework/src/Illuminate/Routing/Pipeline.php(30): Illuminate\Routing\Router->Illuminate\Routing\{closure}(Object(Illuminate\Http\Request))
#38 /data/site/docroot/modules/backend/Classes/BackendController.php(68): Illuminate\Routing\Pipeline->Illuminate\Routing\{closure}(Object(Illuminate\Http\Request))
#39 /data/site/docroot/vendor/laravel/framework/src/Illuminate/Pipeline/Pipeline.php(131): Backend\Classes\BackendController->Backend\Classes\{closure}(Object(Illuminate\Http\Request), Object(Closure))
#40 /data/site/docroot/vendor/laravel/framework/src/Illuminate/Routing/Pipeline.php(53): Illuminate\Pipeline\Pipeline->Illuminate\Pipeline\{closure}(Object(Illuminate\Http\Request))
#41 /data/site/docroot/vendor/laravel/framework/src/Illuminate/Routing/Middleware/SubstituteBindings.php(41): Illuminate\Routing\Pipeline->Illuminate\Routing\{closure}(Object(Illuminate\Http\Request))
#42 /data/site/docroot/vendor/laravel/framework/src/Illuminate/Pipeline/Pipeline.php(149): Illuminate\Routing\Middleware\SubstituteBindings->handle(Object(Illuminate\Http\Request), Object(Closure))
#43 /data/site/docroot/vendor/laravel/framework/src/Illuminate/Routing/Pipeline.php(53): Illuminate\Pipeline\Pipeline->Illuminate\Pipeline\{closure}(Object(Illuminate\Http\Request))
#44 /data/site/docroot/vendor/laravel/framework/src/Illuminate/View/Middleware/ShareErrorsFromSession.php(49): Illuminate\Routing\Pipeline->Illuminate\Routing\{closure}(Object(Illuminate\Http\Request))
#45 /data/site/docroot/vendor/laravel/framework/src/Illuminate/Pipeline/Pipeline.php(149): Illuminate\View\Middleware\ShareErrorsFromSession->handle(Object(Illuminate\Http\Request), Object(Closure))
#46 /data/site/docroot/vendor/laravel/framework/src/Illuminate/Routing/Pipeline.php(53): Illuminate\Pipeline\Pipeline->Illuminate\Pipeline\{closure}(Object(Illuminate\Http\Request))
#47 /data/site/docroot/vendor/laravel/framework/src/Illuminate/Session/Middleware/StartSession.php(63): Illuminate\Routing\Pipeline->Illuminate\Routing\{closure}(Object(Illuminate\Http\Request))
#48 /data/site/docroot/vendor/laravel/framework/src/Illuminate/Pipeline/Pipeline.php(149): Illuminate\Session\Middleware\StartSession->handle(Object(Illuminate\Http\Request), Object(Closure))
#49 /data/site/docroot/vendor/laravel/framework/src/Illuminate/Routing/Pipeline.php(53): Illuminate\Pipeline\Pipeline->Illuminate\Pipeline\{closure}(Object(Illuminate\Http\Request))
#50 /data/site/docroot/vendor/laravel/framework/src/Illuminate/Cookie/Middleware/AddQueuedCookiesToResponse.php(37): Illuminate\Routing\Pipeline->Illuminate\Routing\{closure}(Object(Illuminate\Http\Request))
#51 /data/site/docroot/vendor/laravel/framework/src/Illuminate/Pipeline/Pipeline.php(149): Illuminate\Cookie\Middleware\AddQueuedCookiesToResponse->handle(Object(Illuminate\Http\Request), Object(Closure))
#52 /data/site/docroot/vendor/laravel/framework/src/Illuminate/Routing/Pipeline.php(53): Illuminate\Pipeline\Pipeline->Illuminate\Pipeline\{closure}(Object(Illuminate\Http\Request))
#53 /data/site/docroot/vendor/laravel/framework/src/Illuminate/Cookie/Middleware/EncryptCookies.php(66): Illuminate\Routing\Pipeline->Illuminate\Routing\{closure}(Object(Illuminate\Http\Request))
#54 /data/site/docroot/vendor/laravel/framework/src/Illuminate/Pipeline/Pipeline.php(149): Illuminate\Cookie\Middleware\EncryptCookies->handle(Object(Illuminate\Http\Request), Object(Closure))
#55 /data/site/docroot/vendor/laravel/framework/src/Illuminate/Routing/Pipeline.php(53): Illuminate\Pipeline\Pipeline->Illuminate\Pipeline\{closure}(Object(Illuminate\Http\Request))
#56 /data/site/docroot/vendor/laravel/framework/src/Illuminate/Pipeline/Pipeline.php(102): Illuminate\Routing\Pipeline->Illuminate\Routing\{closure}(Object(Illuminate\Http\Request))
#57 /data/site/docroot/vendor/laravel/framework/src/Illuminate/Routing/Router.php(660): Illuminate\Pipeline\Pipeline->then(Object(Closure))
#58 /data/site/docroot/vendor/laravel/framework/src/Illuminate/Routing/Router.php(635): Illuminate\Routing\Router->runRouteWithinStack(Object(Illuminate\Routing\Route), Object(Illuminate\Http\Request))
#59 /data/site/docroot/vendor/laravel/framework/src/Illuminate/Routing/Router.php(601): Illuminate\Routing\Router->runRoute(Object(Illuminate\Http\Request), Object(Illuminate\Routing\Route))
#60 /data/site/docroot/vendor/october/rain/src/Router/CoreRouter.php(20): Illuminate\Routing\Router->dispatchToRoute(Object(Illuminate\Http\Request))
#61 /data/site/docroot/vendor/laravel/framework/src/Illuminate/Foundation/Http/Kernel.php(176): October\Rain\Router\CoreRouter->dispatch(Object(Illuminate\Http\Request))
#62 /data/site/docroot/vendor/laravel/framework/src/Illuminate/Routing/Pipeline.php(30): Illuminate\Foundation\Http\Kernel->Illuminate\Foundation\Http\{closure}(Object(Illuminate\Http\Request))
#63 /data/site/docroot/vendor/laravel/framework/src/Illuminate/Foundation/Http/Middleware/CheckForMaintenanceMode.php(46): Illuminate\Routing\Pipeline->Illuminate\Routing\{closure}(Object(Illuminate\Http\Request))
#64 /data/site/docroot/vendor/october/rain/src/Foundation/Http/Middleware/CheckForMaintenanceMode.php(24): Illuminate\Foundation\Http\Middleware\CheckForMaintenanceMode->handle(Object(Illuminate\Http\Request), Object(Closure))
#65 /data/site/docroot/vendor/laravel/framework/src/Illuminate/Pipeline/Pipeline.php(149): October\Rain\Foundation\Http\Middleware\CheckForMaintenanceMode->handle(Object(Illuminate\Http\Request), Object(Closure))
#66 /data/site/docroot/vendor/laravel/framework/src/Illuminate/Routing/Pipeline.php(53): Illuminate\Pipeline\Pipeline->Illuminate\Pipeline\{closure}(Object(Illuminate\Http\Request))
#67 /data/site/docroot/vendor/laravel/framework/src/Illuminate/Pipeline/Pipeline.php(102): Illuminate\Routing\Pipeline->Illuminate\Routing\{closure}(Object(Illuminate\Http\Request))
#68 /data/site/docroot/vendor/laravel/framework/src/Illuminate/Foundation/Http/Kernel.php(151): Illuminate\Pipeline\Pipeline->then(Object(Closure))
#69 /data/site/docroot/vendor/laravel/framework/src/Illuminate/Foundation/Http/Kernel.php(116): Illuminate\Foundation\Http\Kernel->sendRequestThroughRouter(Object(Illuminate\Http\Request))
#70 /data/site/docroot/index.php(43): Illuminate\Foundation\Http\Kernel->handle(Object(Illuminate\Http\Request))
#71 {main}  
[2020-02-24 08:44:10] development.ERROR: Symfony\Component\Debug\Exception\FatalErrorException: Maximum execution time of 30 seconds exceeded in /data/site/docroot/plugins/panakour/backup/vendor/spatie/laravel-backup/src/Tasks/Backup/Zip.php:82
Stack trace:
#0 {main}  
